0 info it worked if it ends with ok
1 verbose cli [ '/usr/local/nvm/v0.10.18/bin/node',
1 verbose cli   '/usr/local/nvm/v0.10.18/bin/npm',
1 verbose cli   'install' ]
2 info using npm@1.3.8
3 info using node@v0.10.18
4 verbose readDependencies using package.json deps
5 verbose install where, deps [ '/home/sekaryo/app/wingle_hackason',
5 verbose install   [ 'async', 'crafity-log4js', 'express', 'ejs-locals' ] ]
6 info preinstall wingle_hack@0.10.18
7 verbose readDependencies using package.json deps
8 verbose cache add [ 'express@3.4.0', null ]
9 verbose cache add name=undefined spec="express@3.4.0" args=["express@3.4.0",null]
10 verbose parsed url { protocol: null,
10 verbose parsed url   slashes: null,
10 verbose parsed url   auth: null,
10 verbose parsed url   host: null,
10 verbose parsed url   port: null,
10 verbose parsed url   hostname: null,
10 verbose parsed url   hash: null,
10 verbose parsed url   search: null,
10 verbose parsed url   query: null,
10 verbose parsed url   pathname: 'express@3.4.0',
10 verbose parsed url   path: 'express@3.4.0',
10 verbose parsed url   href: 'express@3.4.0' }
11 verbose cache add name="express" spec="3.4.0" args=["express","3.4.0"]
12 verbose parsed url { protocol: null,
12 verbose parsed url   slashes: null,
12 verbose parsed url   auth: null,
12 verbose parsed url   host: null,
12 verbose parsed url   port: null,
12 verbose parsed url   hostname: null,
12 verbose parsed url   hash: null,
12 verbose parsed url   search: null,
12 verbose parsed url   query: null,
12 verbose parsed url   pathname: '3.4.0',
12 verbose parsed url   path: '3.4.0',
12 verbose parsed url   href: '3.4.0' }
13 verbose addNamed [ 'express', '3.4.0' ]
14 verbose addNamed [ '3.4.0', '3.4.0' ]
15 verbose already installed skipping async@0.2.9 /home/sekaryo/app/wingle_hackason
16 verbose cache add [ 'crafity-log4js@2.0.0', null ]
17 verbose cache add name=undefined spec="crafity-log4js@2.0.0" args=["crafity-log4js@2.0.0",null]
18 verbose parsed url { protocol: null,
18 verbose parsed url   slashes: null,
18 verbose parsed url   auth: null,
18 verbose parsed url   host: null,
18 verbose parsed url   port: null,
18 verbose parsed url   hostname: null,
18 verbose parsed url   hash: null,
18 verbose parsed url   search: null,
18 verbose parsed url   query: null,
18 verbose parsed url   pathname: 'crafity-log4js@2.0.0',
18 verbose parsed url   path: 'crafity-log4js@2.0.0',
18 verbose parsed url   href: 'crafity-log4js@2.0.0' }
19 verbose cache add name="crafity-log4js" spec="2.0.0" args=["crafity-log4js","2.0.0"]
20 verbose parsed url { protocol: null,
20 verbose parsed url   slashes: null,
20 verbose parsed url   auth: null,
20 verbose parsed url   host: null,
20 verbose parsed url   port: null,
20 verbose parsed url   hostname: null,
20 verbose parsed url   hash: null,
20 verbose parsed url   search: null,
20 verbose parsed url   query: null,
20 verbose parsed url   pathname: '2.0.0',
20 verbose parsed url   path: '2.0.0',
20 verbose parsed url   href: '2.0.0' }
21 verbose addNamed [ 'crafity-log4js', '2.0.0' ]
22 verbose addNamed [ '2.0.0', '2.0.0' ]
23 verbose already installed skipping ejs-locals@1.0.2 /home/sekaryo/app/wingle_hackason
24 silly lockFile 86194427-express-3-4-0 express@3.4.0
25 verbose lock express@3.4.0 /home/sekaryo/.npm/86194427-express-3-4-0.lock
26 silly lockFile 8bcb3028-crafity-log4js-2-0-0 crafity-log4js@2.0.0
27 verbose lock crafity-log4js@2.0.0 /home/sekaryo/.npm/8bcb3028-crafity-log4js-2-0-0.lock
28 verbose url raw crafity-log4js/2.0.0
29 verbose url resolving [ 'https://registry.npmjs.org/', './crafity-log4js/2.0.0' ]
30 verbose url resolved https://registry.npmjs.org/crafity-log4js/2.0.0
31 info trying registry request attempt 1 at 07:42:48
32 http GET https://registry.npmjs.org/crafity-log4js/2.0.0
33 verbose url raw express/3.4.0
34 verbose url resolving [ 'https://registry.npmjs.org/', './express/3.4.0' ]
35 verbose url resolved https://registry.npmjs.org/express/3.4.0
36 info trying registry request attempt 1 at 07:42:48
37 verbose etag "D9LCF2M5NJQ0PZL2Z7WZGTB07"
38 http GET https://registry.npmjs.org/express/3.4.0
39 http 404 https://registry.npmjs.org/crafity-log4js/2.0.0
40 silly registry.get cb [ 404,
40 silly registry.get   { vary: 'Accept',
40 silly registry.get     server: 'CouchDB/1.3.1 (Erlang OTP/R15B03)',
40 silly registry.get     etag: '"9NHWQYBCYLSV8GD10TESWZCFD"',
40 silly registry.get     date: 'Sat, 21 Sep 2013 22:42:49 GMT',
40 silly registry.get     'content-type': 'application/json',
40 silly registry.get     'content-length': '36' } ]
41 silly lockFile 8bcb3028-crafity-log4js-2-0-0 crafity-log4js@2.0.0
42 silly lockFile 8bcb3028-crafity-log4js-2-0-0 crafity-log4js@2.0.0
43 http 304 https://registry.npmjs.org/express/3.4.0
44 silly registry.get cb [ 304,
44 silly registry.get   { server: 'CouchDB/1.3.1 (Erlang OTP/R15B03)',
44 silly registry.get     etag: '"D9LCF2M5NJQ0PZL2Z7WZGTB07"',
44 silly registry.get     date: 'Sat, 21 Sep 2013 22:42:49 GMT',
44 silly registry.get     'content-length': '0' } ]
45 verbose etag express/3.4.0 from cache
46 error Error: version not found: 2.0.0 : crafity-log4js/2.0.0
46 error     at RegClient.<anonymous> (/usr/local/nvm/v0.10.18/lib/node_modules/npm/node_modules/npm-registry-client/lib/request.js:272:14)
46 error     at Request.self.callback (/usr/local/nvm/v0.10.18/lib/node_modules/npm/node_modules/request/index.js:148:22)
46 error     at Request.EventEmitter.emit (events.js:98:17)
46 error     at Request.<anonymous> (/usr/local/nvm/v0.10.18/lib/node_modules/npm/node_modules/request/index.js:891:14)
46 error     at Request.EventEmitter.emit (events.js:117:20)
46 error     at IncomingMessage.<anonymous> (/usr/local/nvm/v0.10.18/lib/node_modules/npm/node_modules/request/index.js:842:12)
46 error     at IncomingMessage.EventEmitter.emit (events.js:117:20)
46 error     at _stream_readable.js:920:16
46 error     at process._tickCallback (node.js:415:13)
47 error If you need help, you may report this log at:
47 error     <http://github.com/isaacs/npm/issues>
47 error or email it to:
47 error     <npm-@googlegroups.com>
48 error System Linux 2.6.32-358.18.1.el6.x86_64
49 error command "/usr/local/nvm/v0.10.18/bin/node" "/usr/local/nvm/v0.10.18/bin/npm" "install"
50 error cwd /home/sekaryo/app/wingle_hackason
51 error node -v v0.10.18
52 error npm -v 1.3.8
53 verbose exit [ 1, true ]
